# JRE version: OpenJDK Runtime Environment Temurin-21.0.8+9 (21.0.8+9) (build 21.0.8+9-LTS)
# Java VM: OpenJDK 64-Bit Server VM Temurin-21.0.8+9 (21.0.8+9-LTS, mixed mode, sharing, tiered, compressed oops, compressed class ptrs, parallel gc, linux-amd64)
GC Precious Log:
 CardTable entry size: 512
 CPUs: 4 total, 4 available
 Memory: 7845M
 Large Page Support: Disabled
 NUMA Support: Disabled
 Compressed Oops: Enabled (32-bit)
 Alignments: Space 512K, Generation 512K, Heap 2M
 Heap Min Capacity: 100M
 Heap Initial Capacity: 100M
 Heap Max Capacity: 2G
 Pre-touch: Disabled
 Parallel Workers: 4
Heap:
 PSYoungGen      total 5120K, used 5117K [0x00000000d5580000, 0x00000000d7100000, 0x0000000100000000)
  eden space 2048K, 100% used [0x00000000d5580000,0x00000000d5780000,0x00000000d5780000)
  from space 3072K, 99% used [0x00000000d6100000,0x00000000d63ff740,0x00000000d6400000)
  to   space 9728K, 0% used [0x00000000d5780000,0x00000000d5780000,0x00000000d6100000)
 ParOldGen       total 1394176K, used 1393997K [0x0000000080000000, 0x00000000d5180000, 0x00000000d5580000)
  object space 1394176K, 99% used [0x0000000080000000,0x00000000d51534b0,0x00000000d5180000)
 Metaspace       used 70425K, committed 71744K, reserved 1114112K
  class space    used 7290K, committed 7872K, reserved 1048576K
GC Heap History (20 events):
Event: 89,115 GC heap after
{Heap after GC invocations=1298 (full 3):
 PSYoungGen      total 12288K, used 1280K [0x00000000d5580000, 0x00000000d6380000, 0x0000000100000000)
  eden space 10752K, 0% used [0x00000000d5580000,0x00000000d5580000,0x00000000d6000000)
  from space 1536K, 83% used [0x00000000d6000000,0x00000000d6140000,0x00000000d6180000)
  to   space 1536K, 0% used [0x00000000d6200000,0x00000000d6200000,0x00000000d6380000)
 ParOldGen       total 1378816K, used 1378505K [0x0000000080000000, 0x00000000d4280000, 0x00000000d5580000)
  object space 1378816K, 99% used [0x0000000080000000,0x00000000d4232530,0x00000000d4280000)
 Metaspace       used 70425K, committed 71744K, reserved 1114112K
  class space    used 7290K, committed 7872K, reserved 1048576K
}
Event: 89,149 GC heap before
{Heap before GC invocations=1299 (full 3):
 PSYoungGen      total 12288K, used 12032K [0x00000000d5580000, 0x00000000d6380000, 0x0000000100000000)
  eden space 10752K, 100% used [0x00000000d5580000,0x00000000d6000000,0x00000000d6000000)
  from space 1536K, 83% used [0x00000000d6000000,0x00000000d6140000,0x00000000d6180000)
  to   space 1536K, 0% used [0x00000000d6200000,0x00000000d6200000,0x00000000d6380000)
 ParOldGen       total 1378816K, used 1378505K [0x0000000080000000, 0x00000000d4280000, 0x00000000d5580000)
  object space 1378816K, 99% used [0x0000000080000000,0x00000000d4232530,0x00000000d4280000)
 Metaspace       used 70425K, committed 71744K, reserved 1114112K
  class space    used 7290K, committed 7872K, reserved 1048576K
}
Event: 89,157 GC heap after
{Heap after GC invocations=1299 (full 3):
 PSYoungGen      total 12288K, used 1376K [0x00000000d5580000, 0x00000000d6380000, 0x0000000100000000)
  eden space 10752K, 0% used [0x00000000d5580000,0x00000000d5580000,0x00000000d6000000)
  from space 1536K, 89% used [0x00000000d6200000,0x00000000d6358000,0x00000000d6380000)
  to   space 1536K, 0% used [0x00000000d6000000,0x00000000d6000000,0x00000000d6180000)
 ParOldGen       total 1379840K, used 1379649K [0x0000000080000000, 0x00000000d4380000, 0x00000000d5580000)
  object space 1379840K, 99% used [0x0000000080000000,0x00000000d4350530,0x00000000d4380000)
 Metaspace       used 70425K, committed 71744K, reserved 1114112K
  class space    used 7290K, committed 7872K, reserved 1048576K
}
Event: 89,195 GC heap before
{Heap before GC invocations=1300 (full 3):
 PSYoungGen      total 12288K, used 12128K [0x00000000d5580000, 0x00000000d6380000, 0x0000000100000000)
  eden space 10752K, 100% used [0x00000000d5580000,0x00000000d6000000,0x00000000d6000000)
  from space 1536K, 89% used [0x00000000d6200000,0x00000000d6358000,0x00000000d6380000)
  to   space 1536K, 0% used [0x00000000d6000000,0x00000000d6000000,0x00000000d6180000)
 ParOldGen       total 1379840K, used 1379649K [0x0000000080000000, 0x00000000d4380000, 0x00000000d5580000)
  object space 1379840K, 99% used [0x0000000080000000,0x00000000d4350530,0x00000000d4380000)
 Metaspace       used 70425K, committed 71744K, reserved 1114112K
  class space    used 7290K, committed 7872K, reserved 1048576K
}
Event: 89,199 GC heap after
{Heap after GC invocations=1300 (full 3):
 PSYoungGen      total 12288K, used 1312K [0x00000000d5580000, 0x00000000d6300000, 0x0000000100000000)
  eden space 10752K, 0% used [0x00000000d5580000,0x00000000d5580000,0x00000000d6000000)
  from space 1536K, 85% used [0x00000000d6000000,0x00000000d6148000,0x00000000d6180000)
  to   space 1536K, 0% used [0x00000000d6180000,0x00000000d6180000,0x00000000d6300000)
 ParOldGen       total 1381376K, used 1380929K [0x0000000080000000, 0x00000000d4500000, 0x00000000d5580000)
  object space 1381376K, 99% used [0x0000000080000000,0x00000000d4490530,0x00000000d4500000)
 Metaspace       used 70425K, committed 71744K, reserved 1114112K
  class space    used 7290K, committed 7872K, reserved 1048576K
}
Event: 89,232 GC heap before
{Heap before GC invocations=1301 (full 3):
 PSYoungGen      total 12288K, used 12064K [0x00000000d5580000, 0x00000000d6300000, 0x0000000100000000)
  eden space 10752K, 100% used [0x00000000d5580000,0x00000000d6000000,0x00000000d6000000)
  from space 1536K, 85% used [0x00000000d6000000,0x00000000d6148000,0x00000000d6180000)
  to   space 1536K, 0% used [0x00000000d6180000,0x00000000d6180000,0x00000000d6300000)
 ParOldGen       total 1381376K, used 1380929K [0x0000000080000000, 0x00000000d4500000, 0x00000000d5580000)
  object space 1381376K, 99% used [0x0000000080000000,0x00000000d4490530,0x00000000d4500000)
 Metaspace       used 70425K, committed 71744K, reserved 1114112K
  class space    used 7290K, committed 7872K, reserved 1048576K
}
Event: 89,240 GC heap after
{Heap after GC invocations=1301 (full 3):
 PSYoungGen      total 12288K, used 1280K [0x00000000d5580000, 0x00000000d6300000, 0x0000000100000000)
  eden space 10752K, 0% used [0x00000000d5580000,0x00000000d5580000,0x00000000d6000000)
  from space 1536K, 83% used [0x00000000d6180000,0x00000000d62c0000,0x00000000d6300000)
  to   space 1536K, 0% used [0x00000000d6000000,0x00000000d6000000,0x00000000d6180000)
 ParOldGen       total 1382400K, used 1382137K [0x0000000080000000, 0x00000000d4600000, 0x00000000d5580000)
  object space 1382400K, 99% used [0x0000000080000000,0x00000000d45be530,0x00000000d4600000)
 Metaspace       used 70425K, committed 71744K, reserved 1114112K
  class space    used 7290K, committed 7872K, reserved 1048576K
}
Event: 89,272 GC heap before
{Heap before GC invocations=1302 (full 3):
 PSYoungGen      total 12288K, used 12032K [0x00000000d5580000, 0x00000000d6300000, 0x0000000100000000)
  eden space 10752K, 100% used [0x00000000d5580000,0x00000000d6000000,0x00000000d6000000)
  from space 1536K, 83% used [0x00000000d6180000,0x00000000d62c0000,0x00000000d6300000)
  to   space 1536K, 0% used [0x00000000d6000000,0x00000000d6000000,0x00000000d6180000)
 ParOldGen       total 1382400K, used 1382137K [0x0000000080000000, 0x00000000d4600000, 0x00000000d5580000)
  object space 1382400K, 99% used [0x0000000080000000,0x00000000d45be530,0x00000000d4600000)
 Metaspace       used 70425K, committed 71744K, reserved 1114112K
  class space    used 7290K, committed 7872K, reserved 1048576K
}
Event: 89,281 GC heap after
{Heap after GC invocations=1302 (full 3):
 PSYoungGen      total 12288K, used 1243K [0x00000000d5580000, 0x00000000d6300000, 0x0000000100000000)
  eden space 10752K, 0% used [0x00000000d5580000,0x00000000d5580000,0x00000000d6000000)
  from space 1536K, 80% used [0x00000000d6000000,0x00000000d6136ee8,0x00000000d6180000)
  to   space 1536K, 0% used [0x00000000d6180000,0x00000000d6180000,0x00000000d6300000)
 ParOldGen       total 1383424K, used 1383330K [0x0000000080000000, 0x00000000d4700000, 0x00000000d5580000)
  object space 1383424K, 99% used [0x0000000080000000,0x00000000d46e8938,0x00000000d4700000)
 Metaspace       used 70425K, committed 71744K, reserved 1114112K
  class space    used 7290K, committed 7872K, reserved 1048576K
}
Event: 89,313 GC heap before
{Heap before GC invocations=1303 (full 3):
 PSYoungGen      total 12288K, used 11995K [0x00000000d5580000, 0x00000000d6300000, 0x0000000100000000)
  eden space 10752K, 100% used [0x00000000d5580000,0x00000000d6000000,0x00000000d6000000)
  from space 1536K, 80% used [0x00000000d6000000,0x00000000d6136ee8,0x00000000d6180000)
  to   space 1536K, 0% used [0x00000000d6180000,0x00000000d6180000,0x00000000d6300000)
 ParOldGen       total 1383424K, used 1383330K [0x0000000080000000, 0x00000000d4700000, 0x00000000d5580000)
  object space 1383424K, 99% used [0x0000000080000000,0x00000000d46e8938,0x00000000d4700000)
 Metaspace       used 70425K, committed 71744K, reserved 1114112K
  class space    used 7290K, committed 7872K, reserved 1048576K
}
Event: 89,319 GC heap after
{Heap after GC invocations=1303 (full 3):
 PSYoungGen      total 12288K, used 1280K [0x00000000d5580000, 0x00000000d6300000, 0x0000000100000000)
  eden space 10752K, 0% used [0x00000000d5580000,0x00000000d5580000,0x00000000d6000000)
  from space 1536K, 83% used [0x00000000d6180000,0x00000000d62c0000,0x00000000d6300000)
  to   space 1536K, 0% used [0x00000000d6000000,0x00000000d6000000,0x00000000d6180000)
 ParOldGen       total 1384448K, used 1384426K [0x0000000080000000, 0x00000000d4800000, 0x00000000d5580000)
  object space 1384448K, 99% used [0x0000000080000000,0x00000000d47fa938,0x00000000d4800000)
 Metaspace       used 70425K, committed 71744K, reserved 1114112K
  class space    used 7290K, committed 7872K, reserved 1048576K
}
Event: 89,350 GC heap before
{Heap before GC invocations=1304 (full 3):
 PSYoungGen      total 12288K, used 12032K [0x00000000d5580000, 0x00000000d6300000, 0x0000000100000000)
  eden space 10752K, 100% used [0x00000000d5580000,0x00000000d6000000,0x00000000d6000000)
  from space 1536K, 83% used [0x00000000d6180000,0x00000000d62c0000,0x00000000d6300000)
  to   space 1536K, 0% used [0x00000000d6000000,0x00000000d6000000,0x00000000d6180000)
 ParOldGen       total 1384448K, used 1384426K [0x0000000080000000, 0x00000000d4800000, 0x00000000d5580000)
  object space 1384448K, 99% used [0x0000000080000000,0x00000000d47fa938,0x00000000d4800000)
 Metaspace       used 70425K, committed 71744K, reserved 1114112K
  class space    used 7290K, committed 7872K, reserved 1048576K
}
Event: 89,360 GC heap after
{Heap after GC invocations=1304 (full 3):
 PSYoungGen      total 12288K, used 1184K [0x00000000d5580000, 0x00000000d6300000, 0x0000000100000000)
  eden space 10752K, 0% used [0x00000000d5580000,0x00000000d5580000,0x00000000d6000000)
  from space 1536K, 77% used [0x00000000d6000000,0x00000000d6128000,0x00000000d6180000)
  to   space 1536K, 0% used [0x00000000d6180000,0x00000000d6180000,0x00000000d6300000)
 ParOldGen       total 1385984K, used 1385586K [0x0000000080000000, 0x00000000d4980000, 0x00000000d5580000)
  object space 1385984K, 99% used [0x0000000080000000,0x00000000d491c938,0x00000000d4980000)
 Metaspace       used 70425K, committed 71744K, reserved 1114112K
  class space    used 7290K, committed 7872K, reserved 1048576K
}
Event: 89,433 GC heap before
{Heap before GC invocations=1305 (full 3):
 PSYoungGen      total 12288K, used 11936K [0x00000000d5580000, 0x00000000d6300000, 0x0000000100000000)
  eden space 10752K, 100% used [0x00000000d5580000,0x00000000d6000000,0x00000000d6000000)
  from space 1536K, 77% used [0x00000000d6000000,0x00000000d6128000,0x00000000d6180000)
  to   space 1536K, 0% used [0x00000000d6180000,0x00000000d6180000,0x00000000d6300000)
 ParOldGen       total 1385984K, used 1385586K [0x0000000080000000, 0x00000000d4980000, 0x00000000d5580000)
  object space 1385984K, 99% used [0x0000000080000000,0x00000000d491c938,0x00000000d4980000)
 Metaspace       used 70425K, committed 71744K, reserved 1114112K
  class space    used 7290K, committed 7872K, reserved 1048576K
}
Event: 89,442 GC heap after
{Heap after GC invocations=1305 (full 3):
 PSYoungGen      total 10240K, used 1518K [0x00000000d5580000, 0x00000000d6700000, 0x0000000100000000)
  eden space 8704K, 0% used [0x00000000d5580000,0x00000000d5580000,0x00000000d5e00000)
  from space 1536K, 98% used [0x00000000d6180000,0x00000000d62fba80,0x00000000d6300000)
  to   space 3584K, 0% used [0x00000000d5e00000,0x00000000d5e00000,0x00000000d6180000)
 ParOldGen       total 1387520K, used 1387194K [0x0000000080000000, 0x00000000d4b00000, 0x00000000d5580000)
  object space 1387520K, 99% used [0x0000000080000000,0x00000000d4aae948,0x00000000d4b00000)
 Metaspace       used 70425K, committed 71744K, reserved 1114112K
  class space    used 7290K, committed 7872K, reserved 1048576K
}
Event: 89,508 GC heap before
{Heap before GC invocations=1306 (full 3):
 PSYoungGen      total 10240K, used 10222K [0x00000000d5580000, 0x00000000d6700000, 0x0000000100000000)
  eden space 8704K, 100% used [0x00000000d5580000,0x00000000d5e00000,0x00000000d5e00000)
  from space 1536K, 98% used [0x00000000d6180000,0x00000000d62fba80,0x00000000d6300000)
  to   space 3584K, 0% used [0x00000000d5e00000,0x00000000d5e00000,0x00000000d6180000)
 ParOldGen       total 1387520K, used 1387194K [0x0000000080000000, 0x00000000d4b00000, 0x00000000d5580000)
  object space 1387520K, 99% used [0x0000000080000000,0x00000000d4aae948,0x00000000d4b00000)
 Metaspace       used 70425K, committed 71744K, reserved 1114112K
  class space    used 7290K, committed 7872K, reserved 1048576K
}
Event: 89,517 GC heap after
{Heap after GC invocations=1306 (full 3):
 PSYoungGen      total 11776K, used 2654K [0x00000000d5580000, 0x00000000d6400000, 0x0000000100000000)
  eden space 8704K, 0% used [0x00000000d5580000,0x00000000d5580000,0x00000000d5e00000)
  from space 3072K, 86% used [0x00000000d5e00000,0x00000000d6097a00,0x00000000d6100000)
  to   space 3072K, 0% used [0x00000000d6100000,0x00000000d6100000,0x00000000d6400000)
 ParOldGen       total 1389056K, used 1388586K [0x0000000080000000, 0x00000000d4c80000, 0x00000000d5580000)
  object space 1389056K, 99% used [0x0000000080000000,0x00000000d4c0a958,0x00000000d4c80000)
 Metaspace       used 70425K, committed 71744K, reserved 1114112K
  class space    used 7290K, committed 7872K, reserved 1048576K
}
Event: 89,671 GC heap before
{Heap before GC invocations=1307 (full 3):
 PSYoungGen      total 11776K, used 11342K [0x00000000d5580000, 0x00000000d6400000, 0x0000000100000000)
  eden space 8704K, 99% used [0x00000000d5580000,0x00000000d5dfbfa8,0x00000000d5e00000)
  from space 3072K, 86% used [0x00000000d5e00000,0x00000000d6097a00,0x00000000d6100000)
  to   space 3072K, 0% used [0x00000000d6100000,0x00000000d6100000,0x00000000d6400000)
 ParOldGen       total 1389056K, used 1388586K [0x0000000080000000, 0x00000000d4c80000, 0x00000000d5580000)
  object space 1389056K, 99% used [0x0000000080000000,0x00000000d4c0a958,0x00000000d4c80000)
 Metaspace       used 70425K, committed 71744K, reserved 1114112K
  class space    used 7290K, committed 7872K, reserved 1048576K
}
Event: 89,684 GC heap after
{Heap after GC invocations=1307 (full 3):
 PSYoungGen      total 5120K, used 3069K [0x00000000d5580000, 0x00000000d7100000, 0x0000000100000000)
  eden space 2048K, 0% used [0x00000000d5580000,0x00000000d5580000,0x00000000d5780000)
  from space 3072K, 99% used [0x00000000d6100000,0x00000000d63ff740,0x00000000d6400000)
  to   space 9728K, 0% used [0x00000000d5780000,0x00000000d5780000,0x00000000d6100000)
 ParOldGen       total 1394176K, used 1393997K [0x0000000080000000, 0x00000000d5180000, 0x00000000d5580000)
  object space 1394176K, 99% used [0x0000000080000000,0x00000000d51534b0,0x00000000d5180000)
 Metaspace       used 70425K, committed 71744K, reserved 1114112K
  class space    used 7290K, committed 7872K, reserved 1048576K
}
Event: 89,718 GC heap before
{Heap before GC invocations=1308 (full 4):
 PSYoungGen      total 5120K, used 5117K [0x00000000d5580000, 0x00000000d7100000, 0x0000000100000000)
  eden space 2048K, 100% used [0x00000000d5580000,0x00000000d5780000,0x00000000d5780000)
  from space 3072K, 99% used [0x00000000d6100000,0x00000000d63ff740,0x00000000d6400000)
  to   space 9728K, 0% used [0x00000000d5780000,0x00000000d5780000,0x00000000d6100000)
 ParOldGen       total 1394176K, used 1393997K [0x0000000080000000, 0x00000000d5180000, 0x00000000d5580000)
  object space 1394176K, 99% used [0x0000000080000000,0x00000000d51534b0,0x00000000d5180000)
 Metaspace       used 70425K, committed 71744K, reserved 1114112K
  class space    used 7290K, committed 7872K, reserved 1048576K
}

